
  .   ____          _            __ _ _
 /\\ / ___'_ __ _ _(_)_ __  __ _ \ \ \ \
( ( )\___ | '_ | '_| | '_ \/ _` | \ \ \ \
 \\/  ___)| |_)| | | | | || (_| |  ) ) ) )
  '  |____| .__|_| |_|_| |_\__, | / / / /
 =========|_|==============|___/=/_/_/_/
 :: Spring Boot ::        (v2.1.1.RELEASE)

2019-03-29 12:05:14.913  INFO 682472 --- [  restartedMain] .e.s.s.StreamsOrderManagementApplication : Starting StreamsOrderManagementApplication on HITESHAH02 with PID 682472 (C:\Users\hiteshah\Documents\java-applications\streams-order-management\target\classes started by hiteshah in C:\Users\hiteshah\Documents\java-applications\streams-order-management)
2019-03-29 12:05:14.938  INFO 682472 --- [  restartedMain] .e.s.s.StreamsOrderManagementApplication : No active profile set, falling back to default profiles: default
2019-03-29 12:05:15.833  INFO 682472 --- [  restartedMain] .e.DevToolsPropertyDefaultsPostProcessor : Devtools property defaults active! Set 'spring.devtools.add-properties' to 'false' to disable
2019-03-29 12:05:15.834  INFO 682472 --- [  restartedMain] .e.DevToolsPropertyDefaultsPostProcessor : For additional web related logging consider setting the 'logging.level.web' property to 'DEBUG'
2019-03-29 12:05:25.458  INFO 682472 --- [  restartedMain] o.s.b.w.embedded.tomcat.TomcatWebServer  : Tomcat initialized with port(s): 10011 (http)
2019-03-29 12:05:25.541  INFO 682472 --- [  restartedMain] o.apache.catalina.core.StandardService   : Starting service [Tomcat]
2019-03-29 12:05:25.541  INFO 682472 --- [  restartedMain] org.apache.catalina.core.StandardEngine  : Starting Servlet Engine: Apache Tomcat/9.0.13
2019-03-29 12:05:25.565  INFO 682472 --- [  restartedMain] o.a.catalina.core.AprLifecycleListener   : The APR based Apache Tomcat Native library which allows optimal performance in production environments was not found on the java.library.path: [C:\Program Files\Java\jdk1.8.0_161\bin;C:\WINDOWS\Sun\Java\bin;C:\WINDOWS\system32;C:\WINDOWS;C:/Program Files/Java/jdk1.8.0_161/bin/../jre/bin/server;C:/Program Files/Java/jdk1.8.0_161/bin/../jre/bin;C:/Program Files/Java/jdk1.8.0_161/bin/../jre/lib/amd64;C:\ProgramData\DockerDesktop\version-bin;C:\Program Files\Docker\Docker\Resources\bin;C:\Program Files (x86)\Intel\Intel(R) Management Engine Components\iCLS\;C:\Program Files\Intel\Intel(R) Management Engine Components\iCLS\;C:\Program Files (x86)\Common Files\Oracle\Java\javapath;C:\ProgramData\Oracle\Java\javapath;C:\Program Files (x86)\RSA SecurID Token Common;C:\WINDOWS\system32;C:\WINDOWS;C:\WINDOWS\System32\Wbem;C:\WINDOWS\System32\WindowsPowerShell\v1.0\;C:\Program Files\PuTTY\;%JAVA_HOME%\bin;C:\Users\hiteshah\Documents\Softwares\apache-maven-3.5.3\bin;C:\Program Files\nodejs\;C:\xampp2\php;C:\ProgramData\ComposerSetup\bin;\\ntnet\indiafilestore1\EnCC\Projects\TMOUS\BPTCRTool;C:\Program Files\Git\cmd;C:\Program Files (x86)\IDM Computer Solutions\UltraEdit\;C:\Program Files\Cloud Foundry;C:\Users\hiteshah\AppData\Local\Android\Sdk\platform-tools;C:\Users\hiteshah\AppData\Roaming\npm;C:\Users\hiteshah\AppData\Roaming\Composer\vendor\bin;C:\Program Files\heroku\bin;C:\Users\hiteshah\AppData\Local\Microsoft\WindowsApps;C:\Program Files\Java\jdk1.8.0_161\bin;C:\kafka_2.11-2.0.0\bin\windows;C:\Users\hiteshah\AppData\Local\Programs\Microsoft VS Code\bin;C:\Users\hiteshah\Documents\Softwares\vertx\bin;C:\Users\hiteshah\AppData\Local\Android\Sdk\platform-tools\adb.exe;C:\Program Files\MongoDB\Server\4.0\bin;;C:\WINDOWS\system32;;.]
2019-03-29 12:05:26.214  INFO 682472 --- [  restartedMain] o.a.c.c.C.[Tomcat].[localhost].[/]       : Initializing Spring embedded WebApplicationContext
2019-03-29 12:05:26.215  INFO 682472 --- [  restartedMain] o.s.web.context.ContextLoader            : Root WebApplicationContext: initialization completed in 10381 ms
2019-03-29 12:05:27.161  INFO 682472 --- [  restartedMain] o.s.s.concurrent.ThreadPoolTaskExecutor  : Initializing ExecutorService 'applicationTaskExecutor'
2019-03-29 12:05:28.562  INFO 682472 --- [  restartedMain] o.s.b.d.a.OptionalLiveReloadServer       : LiveReload server is running on port 35729
2019-03-29 12:05:28.746  INFO 682472 --- [  restartedMain] o.s.b.w.embedded.tomcat.TomcatWebServer  : Tomcat started on port(s): 10011 (http) with context path ''
2019-03-29 12:05:28.758  INFO 682472 --- [  restartedMain] .e.s.s.StreamsOrderManagementApplication : Started StreamsOrderManagementApplication in 15.427 seconds (JVM running for 20.409)
2019-03-29 12:05:28.837  INFO 682472 --- [  restartedMain] o.a.k.clients.producer.ProducerConfig    : ProducerConfig values: 
	acks = 1
	batch.size = 16384
	bootstrap.servers = [127.0.0.1:9092]
	buffer.memory = 33554432
	client.id = 
	compression.type = none
	connections.max.idle.ms = 540000
	enable.idempotence = false
	interceptor.classes = []
	key.serializer = class org.apache.kafka.common.serialization.StringSerializer
	linger.ms = 0
	max.block.ms = 60000
	max.in.flight.requests.per.connection = 5
	max.request.size = 1048576
	metadata.max.age.ms = 300000
	metric.reporters = []
	metrics.num.samples = 2
	metrics.recording.level = INFO
	metrics.sample.window.ms = 30000
	partitioner.class = class org.apache.kafka.clients.producer.internals.DefaultPartitioner
	receive.buffer.bytes = 32768
	reconnect.backoff.max.ms = 1000
	reconnect.backoff.ms = 50
	request.timeout.ms = 30000
	retries = 0
	retry.backoff.ms = 100
	sasl.client.callback.handler.class = null
	sasl.jaas.config = null
	sasl.kerberos.kinit.cmd = /usr/bin/kinit
	sasl.kerberos.min.time.before.relogin = 60000
	sasl.kerberos.service.name = null
	sasl.kerberos.ticket.renew.jitter = 0.05
	sasl.kerberos.ticket.renew.window.factor = 0.8
	sasl.login.callback.handler.class = null
	sasl.login.class = null
	sasl.login.refresh.buffer.seconds = 300
	sasl.login.refresh.min.period.seconds = 60
	sasl.login.refresh.window.factor = 0.8
	sasl.login.refresh.window.jitter = 0.05
	sasl.mechanism = GSSAPI
	security.protocol = PLAINTEXT
	send.buffer.bytes = 131072
	ssl.cipher.suites = null
	ssl.enabled.protocols = [TLSv1.2, TLSv1.1, TLSv1]
	ssl.endpoint.identification.algorithm = https
	ssl.key.password = null
	ssl.keymanager.algorithm = SunX509
	ssl.keystore.location = null
	ssl.keystore.password = null
	ssl.keystore.type = JKS
	ssl.protocol = TLS
	ssl.provider = null
	ssl.secure.random.implementation = null
	ssl.trustmanager.algorithm = PKIX
	ssl.truststore.location = null
	ssl.truststore.password = null
	ssl.truststore.type = JKS
	transaction.timeout.ms = 60000
	transactional.id = null
	value.serializer = class org.apache.kafka.common.serialization.StringSerializer

2019-03-29 12:05:28.997  INFO 682472 --- [  restartedMain] o.a.kafka.common.utils.AppInfoParser     : Kafka version : 2.0.1
2019-03-29 12:05:28.997  INFO 682472 --- [  restartedMain] o.a.kafka.common.utils.AppInfoParser     : Kafka commitId : fa14705e51bd2ce5
Socket Server Started
2019-03-29 12:05:30.190  WARN 682472 --- [ad | producer-1] org.apache.kafka.clients.NetworkClient   : [Producer clientId=producer-1] Connection to node -1 could not be established. Broker may not be available.
2019-03-29 12:05:31.245  WARN 682472 --- [ad | producer-1] org.apache.kafka.clients.NetworkClient   : [Producer clientId=producer-1] Connection to node -1 could not be established. Broker may not be available.
2019-03-29 12:05:32.346  WARN 682472 --- [ad | producer-1] org.apache.kafka.clients.NetworkClient   : [Producer clientId=producer-1] Connection to node -1 could not be established. Broker may not be available.
2019-03-29 12:05:33.599  WARN 682472 --- [ad | producer-1] org.apache.kafka.clients.NetworkClient   : [Producer clientId=producer-1] Connection to node -1 could not be established. Broker may not be available.
2019-03-29 12:05:35.004  WARN 682472 --- [ad | producer-1] org.apache.kafka.clients.NetworkClient   : [Producer clientId=producer-1] Connection to node -1 could not be established. Broker may not be available.
2019-03-29 12:05:36.761  WARN 682472 --- [ad | producer-1] org.apache.kafka.clients.NetworkClient   : [Producer clientId=producer-1] Connection to node -1 could not be established. Broker may not be available.
2019-03-29 12:05:38.616  WARN 682472 --- [ad | producer-1] org.apache.kafka.clients.NetworkClient   : [Producer clientId=producer-1] Connection to node -1 could not be established. Broker may not be available.
2019-03-29 12:05:40.772  WARN 682472 --- [ad | producer-1] org.apache.kafka.clients.NetworkClient   : [Producer clientId=producer-1] Connection to node -1 could not be established. Broker may not be available.
2019-03-29 12:05:42.830  WARN 682472 --- [ad | producer-1] org.apache.kafka.clients.NetworkClient   : [Producer clientId=producer-1] Connection to node -1 could not be established. Broker may not be available.
2019-03-29 12:05:44.986  WARN 682472 --- [ad | producer-1] org.apache.kafka.clients.NetworkClient   : [Producer clientId=producer-1] Connection to node -1 could not be established. Broker may not be available.
2019-03-29 12:05:47.145  WARN 682472 --- [ad | producer-1] org.apache.kafka.clients.NetworkClient   : [Producer clientId=producer-1] Connection to node -1 could not be established. Broker may not be available.
2019-03-29 12:05:48.999  WARN 682472 --- [ad | producer-1] org.apache.kafka.clients.NetworkClient   : [Producer clientId=producer-1] Connection to node -1 could not be established. Broker may not be available.
2019-03-29 12:05:50.956  WARN 682472 --- [ad | producer-1] org.apache.kafka.clients.NetworkClient   : [Producer clientId=producer-1] Connection to node -1 could not be established. Broker may not be available.
2019-03-29 12:05:53.161  WARN 682472 --- [ad | producer-1] org.apache.kafka.clients.NetworkClient   : [Producer clientId=producer-1] Connection to node -1 could not be established. Broker may not be available.
2019-03-29 12:05:55.270  WARN 682472 --- [ad | producer-1] org.apache.kafka.clients.NetworkClient   : [Producer clientId=producer-1] Connection to node -1 could not be established. Broker may not be available.
2019-03-29 12:05:57.476  WARN 682472 --- [ad | producer-1] org.apache.kafka.clients.NetworkClient   : [Producer clientId=producer-1] Connection to node -1 could not be established. Broker may not be available.
2019-03-29 12:05:59.382  WARN 682472 --- [ad | producer-1] org.apache.kafka.clients.NetworkClient   : [Producer clientId=producer-1] Connection to node -1 could not be established. Broker may not be available.
2019-03-29 12:06:01.542  WARN 682472 --- [ad | producer-1] org.apache.kafka.clients.NetworkClient   : [Producer clientId=producer-1] Connection to node -1 could not be established. Broker may not be available.
2019-03-29 12:06:03.449  WARN 682472 --- [ad | producer-1] org.apache.kafka.clients.NetworkClient   : [Producer clientId=producer-1] Connection to node -1 could not be established. Broker may not be available.
2019-03-29 12:06:05.555  WARN 682472 --- [ad | producer-1] org.apache.kafka.clients.NetworkClient   : [Producer clientId=producer-1] Connection to node -1 could not be established. Broker may not be available.
2019-03-29 12:06:07.511  WARN 682472 --- [ad | producer-1] org.apache.kafka.clients.NetworkClient   : [Producer clientId=producer-1] Connection to node -1 could not be established. Broker may not be available.
2019-03-29 12:06:09.517  WARN 682472 --- [ad | producer-1] org.apache.kafka.clients.NetworkClient   : [Producer clientId=producer-1] Connection to node -1 could not be established. Broker may not be available.
2019-03-29 12:06:11.472  WARN 682472 --- [ad | producer-1] org.apache.kafka.clients.NetworkClient   : [Producer clientId=producer-1] Connection to node -1 could not be established. Broker may not be available.
2019-03-29 12:06:13.680  WARN 682472 --- [ad | producer-1] org.apache.kafka.clients.NetworkClient   : [Producer clientId=producer-1] Connection to node -1 could not be established. Broker may not be available.
2019-03-29 12:06:15.688  WARN 682472 --- [ad | producer-1] org.apache.kafka.clients.NetworkClient   : [Producer clientId=producer-1] Connection to node -1 could not be established. Broker may not be available.
2019-03-29 12:06:17.744  WARN 682472 --- [ad | producer-1] org.apache.kafka.clients.NetworkClient   : [Producer clientId=producer-1] Connection to node -1 could not be established. Broker may not be available.
2019-03-29 12:06:19.747  WARN 682472 --- [ad | producer-1] org.apache.kafka.clients.NetworkClient   : [Producer clientId=producer-1] Connection to node -1 could not be established. Broker may not be available.
2019-03-29 12:06:21.705  WARN 682472 --- [ad | producer-1] org.apache.kafka.clients.NetworkClient   : [Producer clientId=producer-1] Connection to node -1 could not be established. Broker may not be available.
2019-03-29 12:06:23.912  WARN 682472 --- [ad | producer-1] org.apache.kafka.clients.NetworkClient   : [Producer clientId=producer-1] Connection to node -1 could not be established. Broker may not be available.
2019-03-29 12:06:25.969  WARN 682472 --- [ad | producer-1] org.apache.kafka.clients.NetworkClient   : [Producer clientId=producer-1] Connection to node -1 could not be established. Broker may not be available.
2019-03-29 12:06:28.075  WARN 682472 --- [ad | producer-1] org.apache.kafka.clients.NetworkClient   : [Producer clientId=producer-1] Connection to node -1 could not be established. Broker may not be available.
Exception in thread "restartedMain" java.lang.reflect.InvocationTargetException
	at sun.reflect.NativeMethodAccessorImpl.invoke0(Native Method)
	at sun.reflect.NativeMethodAccessorImpl.invoke(NativeMethodAccessorImpl.java:62)
	at sun.reflect.DelegatingMethodAccessorImpl.invoke(DelegatingMethodAccessorImpl.java:43)
	at java.lang.reflect.Method.invoke(Method.java:498)
	at org.springframework.boot.devtools.restart.RestartLauncher.run(RestartLauncher.java:49)
Caused by: java.lang.NullPointerException
	at com.daarks.examples.streams.services.producers.OrderProducer.lambda$0(OrderProducer.java:44)
	at org.apache.kafka.clients.producer.KafkaProducer.doSend(KafkaProducer.java:877)
	at org.apache.kafka.clients.producer.KafkaProducer.send(KafkaProducer.java:803)
	at com.daarks.examples.streams.services.producers.OrderProducer.push(OrderProducer.java:43)
	at com.daarks.examples.streams.services.connectors.GreetServer.start(GreetServer.java:35)
	at com.daarks.examples.streams.services.StreamsOrderManagementApplication.main(StreamsOrderManagementApplication.java:19)
	... 5 more
2019-03-29 12:06:30.233  WARN 682472 --- [ad | producer-1] org.apache.kafka.clients.NetworkClient   : [Producer clientId=producer-1] Connection to node -1 could not be established. Broker may not be available.
2019-03-29 12:06:32.088  WARN 682472 --- [ad | producer-1] org.apache.kafka.clients.NetworkClient   : [Producer clientId=producer-1] Connection to node -1 could not be established. Broker may not be available.
2019-03-29 12:06:34.046  WARN 682472 --- [ad | producer-1] org.apache.kafka.clients.NetworkClient   : [Producer clientId=producer-1] Connection to node -1 could not be established. Broker may not be available.
2019-03-29 12:06:36.054  WARN 682472 --- [ad | producer-1] org.apache.kafka.clients.NetworkClient   : [Producer clientId=producer-1] Connection to node -1 could not be established. Broker may not be available.
2019-03-29 12:06:38.157  WARN 682472 --- [ad | producer-1] org.apache.kafka.clients.NetworkClient   : [Producer clientId=producer-1] Connection to node -1 could not be established. Broker may not be available.
2019-03-29 12:06:40.532  WARN 682472 --- [ad | producer-1] org.apache.kafka.clients.NetworkClient   : [Producer clientId=producer-1] Connection to node -1 could not be established. Broker may not be available.
2019-03-29 12:06:42.690  WARN 682472 --- [ad | producer-1] org.apache.kafka.clients.NetworkClient   : [Producer clientId=producer-1] Connection to node -1 could not be established. Broker may not be available.
2019-03-29 12:06:44.832  WARN 682472 --- [ad | producer-1] org.apache.kafka.clients.NetworkClient   : [Producer clientId=producer-1] Connection to node -1 could not be established. Broker may not be available.
2019-03-29 12:06:46.857  WARN 682472 --- [ad | producer-1] org.apache.kafka.clients.NetworkClient   : [Producer clientId=producer-1] Connection to node -1 could not be established. Broker may not be available.
2019-03-29 12:06:48.932  WARN 682472 --- [ad | producer-1] org.apache.kafka.clients.NetworkClient   : [Producer clientId=producer-1] Connection to node -1 could not be established. Broker may not be available.
2019-03-29 12:06:50.988  WARN 682472 --- [ad | producer-1] org.apache.kafka.clients.NetworkClient   : [Producer clientId=producer-1] Connection to node -1 could not be established. Broker may not be available.
